\BOOKMARK [1][-]{section.1}{Einleitung}{}% 1
\BOOKMARK [2][-]{subsection.1.1}{Forschungsfrage}{section.1}% 2
\BOOKMARK [2][-]{subsection.1.2}{Aufbau}{section.1}% 3
\BOOKMARK [1][-]{section.2}{CSS-Pr\344prozessoren}{}% 4
\BOOKMARK [2][-]{subsection.2.1}{Workflow}{section.2}% 5
\BOOKMARK [2][-]{subsection.2.2}{Software Komponenten}{section.2}% 6
\BOOKMARK [2][-]{subsection.2.3}{Less}{section.2}% 7
\BOOKMARK [2][-]{subsection.2.4}{Sass}{section.2}% 8
\BOOKMARK [2][-]{subsection.2.5}{Stylus}{section.2}% 9
\BOOKMARK [2][-]{subsection.2.6}{Erweiterungen von CSS Pr\344prozessoren}{section.2}% 10
\BOOKMARK [3][-]{subsubsection.2.6.1}{Variablen}{subsection.2.6}% 11
\BOOKMARK [3][-]{subsubsection.2.6.2}{Mixin}{subsection.2.6}% 12
\BOOKMARK [3][-]{subsubsection.2.6.3}{Funktionen}{subsection.2.6}% 13
\BOOKMARK [3][-]{subsubsection.2.6.4}{Vererbung}{subsection.2.6}% 14
\BOOKMARK [1][-]{section.3}{Superset}{}% 15
\BOOKMARK [1][-]{section.4}{Lexer/Parser}{}% 16
\BOOKMARK [1][-]{section.5}{Implementierugen von CSS Pr\344prozessoren}{}% 17
\BOOKMARK [2][-]{subsection.5.1}{Variablen}{section.5}% 18
\BOOKMARK [3][-]{subsubsection.5.1.1}{Less}{subsection.5.1}% 19
\BOOKMARK [3][-]{subsubsection.5.1.2}{Sass}{subsection.5.1}% 20
\BOOKMARK [3][-]{subsubsection.5.1.3}{Stylus}{subsection.5.1}% 21
\BOOKMARK [2][-]{subsection.5.2}{Mixins}{section.5}% 22
\BOOKMARK [3][-]{subsubsection.5.2.1}{Less}{subsection.5.2}% 23
\BOOKMARK [3][-]{subsubsection.5.2.2}{Sass}{subsection.5.2}% 24
\BOOKMARK [3][-]{subsubsection.5.2.3}{Stylus}{subsection.5.2}% 25
\BOOKMARK [2][-]{subsection.5.3}{Funktionen}{section.5}% 26
\BOOKMARK [3][-]{subsubsection.5.3.1}{Less}{subsection.5.3}% 27
\BOOKMARK [3][-]{subsubsection.5.3.2}{Sass}{subsection.5.3}% 28
\BOOKMARK [3][-]{subsubsection.5.3.3}{Stylus}{subsection.5.3}% 29
\BOOKMARK [2][-]{subsection.5.4}{Vererbung}{section.5}% 30
\BOOKMARK [3][-]{subsubsection.5.4.1}{Less}{subsection.5.4}% 31
\BOOKMARK [3][-]{subsubsection.5.4.2}{Sass}{subsection.5.4}% 32
\BOOKMARK [3][-]{subsubsection.5.4.3}{Stylus}{subsection.5.4}% 33
\BOOKMARK [1][-]{section.6}{Praktische Anwendung und Vergleiche}{}% 34
\BOOKMARK [1][-]{section.7}{Ergebnisse}{}% 35
\BOOKMARK [1][-]{section.8}{Schluss}{}% 36
\BOOKMARK [1][-]{section*.10}{Abbildungsverzeichnis}{}% 37
\BOOKMARK [1][-]{section*.12}{Tabellenverzeichnis}{}% 38
\BOOKMARK [1][-]{section*.12}{Literaturverzeichnis}{}% 39
